<?xml version="1.0" encoding="UTF-8"?>
<testsuite name="Tests.DeliveryTests" tests="1" skipped="1" failures="0" errors="0" timestamp="2020-01-27T18:12:18" hostname="MKK-WS-78" time="0.001">
  <properties/>
  <testcase name="goToDeliveryClub_SetAddress_AddressFoundTest()" classname="Tests.DeliveryTests" time="0.001">
    <skipped/>
  </testcase>
  <system-out><![CDATA[]]></system-out>
  <system-err><![CDATA[]]></system-err>
</testsuite>
