<?xml version="1.0" encoding="UTF-8"?>
<testsuite name="TempTests" tests="2" skipped="2" failures="0" errors="0" timestamp="2020-01-27T18:12:18" hostname="MKK-WS-78" time="0.001">
  <properties/>
  <testcase name="goToDeliveryClub_SetAddress_AddressFoundTest()" classname="TempTests" time="0.001">
    <skipped/>
  </testcase>
  <testcase name="sampleApiTest()" classname="TempTests" time="0.0">
    <skipped/>
  </testcase>
  <system-out><![CDATA[]]></system-out>
  <system-err><![CDATA[]]></system-err>
</testsuite>
