<?xml version="1.0" encoding="UTF-8"?>
<testsuite name="TempTests" tests="1" skipped="0" failures="0" errors="0" timestamp="2020-01-18T21:02:18" hostname="SidLenNout" time="2.957">
  <properties/>
  <testcase name="sampleApiTest()" classname="TempTests" time="2.957"/>
  <system-out><![CDATA[:status:[200]
accept-ranges:[bytes]
access-control-allow-origin:[*]
age:[0]
cache-control:[no-cache, private]
cf-cache-status:[DYNAMIC]
cf-ray:[5573822c0f6e9cc9-AMS]
content-length:[101]
content-type:[application/json]
date:[Sat, 18 Jan 2020 21:02:11 GMT]
expect-ct:[max-age=604800, report-uri="https://report-uri.cloudflare.com/cdn-cgi/beacon/expect-ct"]
server:[cloudflare]
set-cookie:[__cfduid=d5602d8ac0a3f385ea22b2694dca7b1471579381331; expires=Mon, 17-Feb-20 21:02:11 GMT; path=/; domain=.dog.ceo; HttpOnly; SameSite=Lax; Secure]
vary:[]
via:[1.1 varnish (Varnish/6.3), 1.1 varnish (Varnish/6.3)]
x-cache:[MISS]
x-cache-hits:[0]
x-powered-by:[PHP/7.3.6]
response: {"message":"https:\/\/images.dog.ceo\/breeds\/setter-english\/n02100735_1117.jpg","status":"success"}
DogImage: success   https://images.dog.ceo/breeds/setter-english/n02100735_1117.jpg
]]></system-out>
  <system-err><![CDATA[]]></system-err>
</testsuite>
