<?xml version="1.0" encoding="UTF-8"?>
<testsuite name="Tests.DeliveryTests" tests="1" skipped="1" failures="0" errors="0" timestamp="2020-01-23T19:38:50" hostname="SidLenNout" time="0.0">
  <properties/>
  <testcase name="goToDeliveryClub_SetAddress_AddressFoundTest()" classname="Tests.DeliveryTests" time="0.0">
    <skipped/>
  </testcase>
  <system-out><![CDATA[]]></system-out>
  <system-err><![CDATA[]]></system-err>
</testsuite>
